<?xml version="1.0" encoding="UTF-8"?>
<!-- Generated by org.testng.reporters.JUnitXMLReporter -->
<testsuite ignored="1" hostname="Pramod" failures="0" tests="0" time="0.003" errors="0" timestamp="2024-01-17T19:54:27 IST">
  <testcase classname="ProductsTest.CreateProductTest" name="createProductWithMF" time="0.0">
    <ignored/>
  </testcase> <!-- createProductWithMF -->
</testsuite>
