<?xml version="1.0" encoding="UTF-8"?>
<!-- Generated by org.testng.reporters.JUnitXMLReporter -->
<testsuite ignored="1" hostname="Pramod" failures="0" tests="2" name="Test-Runner-1" time="25.68" errors="0" timestamp="2024-01-17T20:15:48 IST">
  <testcase classname="GenericUtilities.BaseClass" name="@BeforeClass bcConfig" time="-1.705502748207E9">
    <failure type="org.testng.TestNGException" message="
Can inject only one of &amp;lt;ITestContext, XmlTest&amp;gt; into a @BeforeClass annotated bcConfig.
For more information on native dependency injection please refer to https://testng.org/doc/documentation-main.html#native-dependency-injection">
      <![CDATA[org.testng.TestNGException: 
Can inject only one of <ITestContext, XmlTest> into a @BeforeClass annotated bcConfig.
For more information on native dependency injection please refer to https://testng.org/doc/documentation-main.html#native-dependency-injection
at java.base/java.util.ArrayList.forEach(ArrayList.java:1511)
... Removed 22 stack frames]]>
    </failure>
  </testcase> <!-- @BeforeClass bcConfig -->
  <testcase classname="GenericUtilities.BaseClass" name="@BeforeMethod bmConfig" time="0.0">
    <skipped/>
  </testcase> <!-- @BeforeMethod bmConfig -->
  <testcase classname="GenericUtilities.BaseClass" name="@AfterClass acConfig" time="0.0">
    <skipped/>
  </testcase> <!-- @AfterClass acConfig -->
  <testcase classname="LeadsTest.CreateLeadTest" name="createLeadWithMF" time="25.589"/>
  <testcase classname="ContactsTests.CreateNewContactBaseClassTest" name="createContactWithMandataoryFields" time="0.0">
    <skipped/>
  </testcase> <!-- createContactWithMandataoryFields -->
  <testcase classname="ProductsTest.CreateProductTest" name="createProductWithMF" time="0.0">
    <ignored/>
  </testcase> <!-- createProductWithMF -->
</testsuite> <!-- Test-Runner-1 -->
