<?xml version="1.0" encoding="UTF-8"?>
<!-- Generated by org.testng.reporters.JUnitXMLReporter -->
<testsuite ignored="0" hostname="Pramod" failures="0" tests="1" name="Test-Runner-2" time="0.029" errors="0" timestamp="2024-01-17T19:54:27 IST">
  <testcase classname="ContactsTests.CreateNewContactBaseClassTest" name="createContactWithMandataoryFields" time="0.0">
    <skipped/>
  </testcase> <!-- createContactWithMandataoryFields -->
</testsuite> <!-- Test-Runner-2 -->
