<?xml version="1.0" encoding="UTF-8"?>
<!-- Generated by org.testng.reporters.JUnitReportReporter -->
<testsuite hostname="Pramod" failures="0" tests="1" name="Practice.AssertPractice" time="0.022" errors="0" timestamp="2024-01-08T14:33:01 IST" skipped="0">
  <testcase classname="Practice.AssertPractice" name="sample" time="0.022"/>
</testsuite> <!-- Practice.AssertPractice -->
