<?xml version="1.0" encoding="UTF-8"?>
<!-- Generated by org.testng.reporters.JUnitReportReporter -->
<testsuite hostname="Pramod" failures="0" tests="1" name="ContactsTests.CreateNewContactTest" time="37.803" errors="0" timestamp="2024-01-05T15:20:58 IST" skipped="0">
  <testcase classname="ContactsTests.CreateNewContactTest" name="createContactWithMandataoryFields" time="37.803"/>
</testsuite> <!-- ContactsTests.CreateNewContactTest -->
