<?xml version="1.0" encoding="UTF-8"?>
<!-- Generated by org.testng.reporters.JUnitReportReporter -->
<testsuite hostname="Pramod" failures="0" tests="1" name="LeadsTest.CreateLeadTest" time="25.589" errors="0" timestamp="2024-01-17T20:15:48 IST" skipped="0">
  <testcase classname="LeadsTest.CreateLeadTest" name="createLeadWithMF" time="25.589"/>
</testsuite> <!-- LeadsTest.CreateLeadTest -->
