<?xml version="1.0" encoding="UTF-8"?>
<!-- Generated by org.testng.reporters.JUnitReportReporter -->
<testsuite hostname="Pramod" failures="0" tests="1" name="ContactsTests.CreateAnewContactTest" time="27.299" errors="0" timestamp="2024-01-17T17:42:58 IST" skipped="0">
  <testcase classname="ContactsTests.CreateAnewContactTest" name="createContactWithMandataoryFields" time="27.299"/>
</testsuite> <!-- ContactsTests.CreateAnewContactTest -->
