<?xml version="1.0" encoding="UTF-8"?>
<!-- Generated by org.testng.reporters.JUnitReportReporter -->
<testsuite hostname="Pramod" failures="0" tests="4" name="Practice.Sample1" time="0.035" errors="0" timestamp="2024-01-25T22:02:16 IST" skipped="0">
  <testcase classname="Practice.Sample1" name="m1" time="0.022"/>
  <testcase classname="Practice.Sample1" name="m4" time="0.004"/>
  <testcase classname="Practice.Sample1" name="m3" time="0.005"/>
  <testcase classname="Practice.Sample1" name="m2" time="0.004"/>
</testsuite> <!-- Practice.Sample1 -->
