<?xml version="1.0" encoding="UTF-8"?>
<!-- Generated by org.testng.reporters.JUnitReportReporter -->
<testsuite hostname="Pramod" failures="0" tests="4" name="Practice.TestNG_Flags" time="0.030" errors="0" timestamp="2024-01-10T12:25:34 IST" skipped="0">
  <testcase classname="Practice.TestNG_Flags" name="semple" time="0.010"/>
  <testcase classname="Practice.TestNG_Flags" name="name" time="0.004"/>
  <testcase classname="Practice.TestNG_Flags" name="sample" time="0.013"/>
  <testcase classname="Practice.TestNG_Flags" name="simple" time="0.003"/>
</testsuite> <!-- Practice.TestNG_Flags -->
