<?xml version="1.0" encoding="UTF-8"?>
<!-- Generated by org.testng.reporters.JUnitReportReporter -->
<testsuite hostname="Pramod" failures="0" tests="1" name="Practice.SoftAssertProgram" time="0.031" errors="0" timestamp="2024-01-17T17:36:30 IST" skipped="0">
  <testcase classname="Practice.SoftAssertProgram" name="sample" time="0.031"/>
</testsuite> <!-- Practice.SoftAssertProgram -->
