<?xml version="1.0" encoding="UTF-8"?>
<!-- Generated by org.testng.reporters.JUnitReportReporter -->
<testsuite hostname="Pramod" failures="0" tests="2" name="LeadsTest.CreateLeadBaseClassTest" time="57.570" errors="0" timestamp="2024-01-17T13:46:10 IST" skipped="0">
  <testcase classname="LeadsTest.CreateLeadBaseClassTest" name="createLeadWithMandatoryFields" time="27.552"/>
  <testcase classname="LeadsTest.CreateLeadBaseClassTest" name="createLeadWithMandatoryFields" time="30.018"/>
</testsuite> <!-- LeadsTest.CreateLeadBaseClassTest -->
